<?xml version="1.0" encoding="utf-8"?><testsuites><testsuite name="pytest" errors="0" failures="0" skipped="0" tests="23" time="6.619" timestamp="2025-11-30T00:53:15.667337+01:00" hostname="DESKTOP-7OSKAR1"><testcase classname="tests.test_auth" name="test_signup_duplicate_email" time="0.272" /><testcase classname="tests.test_auth" name="test_login_invalid_password" time="0.402" /><testcase classname="tests.test_auth" name="test_logout_endpoint" time="0.444" /><testcase classname="tests.test_auth" name="test_login_missing_user" time="0.010" /><testcase classname="tests.test_auth_and_qr" name="test_create_qr_requires_auth" time="0.014" /><testcase classname="tests.test_auth_and_qr" name="test_preview_requires_auth" time="0.012" /><testcase classname="tests.test_auth_and_qr" name="test_preview_and_lifecycle" time="0.516" /><testcase classname="tests.test_auth_and_qr" name="test_delete_user_removes_qrs" time="0.461" /><testcase classname="tests.test_auth_and_qr" name="test_update_profile_and_password_flow" time="1.039" /><testcase classname="tests.test_integration_flow" name="test_full_qr_lifecycle" time="0.509" /><testcase classname="tests.test_qr" name="test_create_qr_invalid_payload" time="0.405" /><testcase classname="tests.test_qr" name="test_download_requires_authentication" time="0.443" /><testcase classname="tests.test_qr" name="test_history_only_returns_owner_items" time="0.812" /><testcase classname="tests.test_qr_service_unit" name="test_render_qr_outputs_svg_and_png" time="0.012" /><testcase classname="tests.test_qr_service_unit" name="test_encode_render_returns_base64" time="0.015" /><testcase classname="tests.test_qr_service_unit" name="test_generate_qr_assets_writes_files" time="0.021" /><testcase classname="tests.test_schemas" name="test_invalid_hex_colors_raise_validation_error" time="0.005" /><testcase classname="tests.test_schemas" name="test_invalid_url_rejected" time="0.003" /><testcase classname="tests.test_schemas" name="test_overlay_text_length_enforced" time="0.004" /><testcase classname="tests.test_schemas" name="test_size_constraints_enforced" time="0.004" /><testcase classname="tests.test_security" name="test_password_hash_roundtrip" time="0.580" /><testcase classname="tests.test_security" name="test_create_access_token_contains_subject" time="0.305" /><testcase classname="tests.test_security" name="test_get_current_user_invalid_token" time="0.025" /></testsuite></testsuites>